Storyboard/app/build/intermediates/manifest_merge_blame_file/debug/manifest-merger-blame-debug-report.txt
1<?xml version="1.0" encoding="utf-8"?>
2<manifest xmlns:android="http://schemas.android.com/apk/res/android"
3    package="com.example.storyboard"
4    android:versionCode="1"
5    android:versionName="1.0" >
6
7    <uses-sdk
8        android:minSdkVersion="26"
8-->src/main/AndroidManifest.xml
9        android:targetSdkVersion="29" />
9-->src/main/AndroidManifest.xml
10
11    <uses-permission android:name="android.permission.INTERNET" />
11-->src/main/AndroidManifest.xml:5:5-67
11-->src/main/AndroidManifest.xml:5:22-64
12
13    <!-- Although the *SdkVersion is captured in gradle build files, this is required for non gradle builds -->
14    <!-- <uses-sdk android:minSdkVersion="14"/> -->
15    <uses-permission android:name="android.permission.ACCESS_NETWORK_STATE" />
15-->[com.google.firebase:firebase-database:19.1.0] AndroidManifest.xml:25:5-79
15-->[com.google.firebase:firebase-database:19.1.0] AndroidManifest.xml:25:22-76
16    <uses-permission android:name="android.permission.WAKE_LOCK" /> <!-- Required by older versions of Google Play services to create IID tokens -->
16-->[com.google.android.gms:play-services-measurement-api:17.2.0] AndroidManifest.xml:24:5-68
16-->[com.google.android.gms:play-services-measurement-api:17.2.0] AndroidManifest.xml:24:22-65
17    <uses-permission android:name="com.google.android.c2dm.permission.RECEIVE" />
17-->[com.google.firebase:firebase-iid:19.0.0] AndroidManifest.xml:26:5-82
17-->[com.google.firebase:firebase-iid:19.0.0] AndroidManifest.xml:26:22-79
18    <uses-permission android:name="com.google.android.finsky.permission.BIND_GET_INSTALL_REFERRER_SERVICE" />
18-->[com.google.android.gms:play-services-measurement:17.2.0] AndroidManifest.xml:26:5-110
18-->[com.google.android.gms:play-services-measurement:17.2.0] AndroidManifest.xml:26:22-107
19
20    <application
20-->src/main/AndroidManifest.xml:7:5-41:19
21        android:allowBackup="true"
21-->src/main/AndroidManifest.xml:8:9-35
22        android:appComponentFactory="androidx.core.app.CoreComponentFactory"
22-->[androidx.core:core:1.0.2] AndroidManifest.xml:22:18-86
23        android:debuggable="true"
24        android:icon="@mipmap/ic_launcher"
24-->src/main/AndroidManifest.xml:9:9-43
25        android:label="@string/app_name"
25-->src/main/AndroidManifest.xml:10:9-41
26        android:roundIcon="@mipmap/ic_launcher_round"
26-->src/main/AndroidManifest.xml:11:9-54
27        android:supportsRtl="true"
27-->src/main/AndroidManifest.xml:12:9-35
28        android:testOnly="true"
29        android:theme="@style/AppTheme" >
29-->src/main/AndroidManifest.xml:13:9-40
30        <activity android:name="com.example.storyboard.DashboardActivityTest" />
30-->src/main/AndroidManifest.xml:14:9-68
30-->src/main/AndroidManifest.xml:14:19-56
31        <activity android:name="com.example.storyboard.CommunityActivity" />
31-->src/main/AndroidManifest.xml:15:9-55
31-->src/main/AndroidManifest.xml:15:19-52
32        <activity android:name="com.example.storyboard.DashboardActivity" >
32-->src/main/AndroidManifest.xml:16:9-20:20
32-->src/main/AndroidManifest.xml:16:19-52
33            <intent-filter>
33-->src/main/AndroidManifest.xml:17:13-19:29
34                <category android:name="android.intent.category.LAUNCHER" />
34-->src/main/AndroidManifest.xml:18:17-77
34-->src/main/AndroidManifest.xml:18:27-74
35            </intent-filter>
36        </activity>
37        <activity android:name="com.example.storyboard.MainActivity" >
37-->src/main/AndroidManifest.xml:21:9-27:20
37-->src/main/AndroidManifest.xml:21:19-47
38            <intent-filter>
38-->src/main/AndroidManifest.xml:22:13-26:29
39                <action android:name="android.intent.action.MAIN" />
39-->src/main/AndroidManifest.xml:23:17-69
39-->src/main/AndroidManifest.xml:23:25-66
40
41                <category android:name="android.intent.category.LAUNCHER" />
41-->src/main/AndroidManifest.xml:18:17-77
41-->src/main/AndroidManifest.xml:18:27-74
42            </intent-filter>
43        </activity>
44        <activity android:name="com.example.storyboard.WorksDashActivity" />
44-->src/main/AndroidManifest.xml:28:9-55
44-->src/main/AndroidManifest.xml:28:19-52
45        <activity android:name="com.example.storyboard.WorksActivity" />
45-->src/main/AndroidManifest.xml:29:9-51
45-->src/main/AndroidManifest.xml:29:19-48
46        <activity android:name="com.example.storyboard.LoginActivity" />
46-->src/main/AndroidManifest.xml:30:9-51
46-->src/main/AndroidManifest.xml:30:19-48
47        <activity android:name="com.example.storyboard.RegistrationActivity" />
47-->src/main/AndroidManifest.xml:31:9-58
47-->src/main/AndroidManifest.xml:31:19-55
48        <activity
48-->src/main/AndroidManifest.xml:32:9-34:70
49            android:name="com.example.storyboard.ProfileActivity"
49-->src/main/AndroidManifest.xml:33:13-44
50            android:windowSoftInputMode="stateHidden|adjustResize" />
50-->src/main/AndroidManifest.xml:34:13-67
51        <activity
51-->src/main/AndroidManifest.xml:35:9-37:70
52            android:name="com.example.storyboard.ChallengeActivity"
52-->src/main/AndroidManifest.xml:36:13-46
53            android:windowSoftInputMode="stateHidden|adjustResize" />
53-->src/main/AndroidManifest.xml:37:13-67
54        <activity
54-->src/main/AndroidManifest.xml:38:9-40:70
55            android:name="com.example.storyboard.SubmitChallengeActivity"
55-->src/main/AndroidManifest.xml:39:13-52
56            android:windowSoftInputMode="stateHidden|adjustResize" />
56-->src/main/AndroidManifest.xml:40:13-67
57        <activity
57-->[com.google.firebase:firebase-auth:19.1.0] AndroidManifest.xml:24:9-31:50
58            android:name="com.google.firebase.auth.internal.FederatedSignInActivity"
58-->[com.google.firebase:firebase-auth:19.1.0] AndroidManifest.xml:25:13-85
59            android:excludeFromRecents="true"
59-->[com.google.firebase:firebase-auth:19.1.0] AndroidManifest.xml:26:13-46
60            android:exported="true"
60-->[com.google.firebase:firebase-auth:19.1.0] AndroidManifest.xml:27:13-36
61            android:launchMode="singleTask"
61-->[com.google.firebase:firebase-auth:19.1.0] AndroidManifest.xml:28:13-44
62            android:permission="com.google.firebase.auth.api.gms.permission.LAUNCH_FEDERATED_SIGN_IN"
62-->[com.google.firebase:firebase-auth:19.1.0] AndroidManifest.xml:29:13-102
63            android:theme="@android:style/Theme.Translucent.NoTitleBar" />
63-->[com.google.firebase:firebase-auth:19.1.0] AndroidManifest.xml:30:13-72
64
65        <service
65-->[com.google.firebase:firebase-auth:19.1.0] AndroidManifest.xml:33:9-39:19
66            android:name="com.google.firebase.components.ComponentDiscoveryService"
66-->[com.google.firebase:firebase-auth:19.1.0] AndroidManifest.xml:34:13-84
67            android:directBootAware="true"
67-->[com.google.firebase:firebase-common:19.1.0] AndroidManifest.xml:14:13-43
68            android:exported="false" >
68-->[com.google.firebase:firebase-auth:19.1.0] AndroidManifest.xml:35:13-37
69            <meta-data
69-->[com.google.firebase:firebase-auth:19.1.0] AndroidManifest.xml:36:13-38:85
70                android:name="com.google.firebase.components:com.google.firebase.auth.FirebaseAuthRegistrar"
70-->[com.google.firebase:firebase-auth:19.1.0] AndroidManifest.xml:37:17-109
71                android:value="com.google.firebase.components.ComponentRegistrar" />
71-->[com.google.firebase:firebase-auth:19.1.0] AndroidManifest.xml:38:17-82
72            <meta-data
72-->[com.google.firebase:firebase-database:19.1.0] AndroidManifest.xml:32:13-34:85
73                android:name="com.google.firebase.components:com.google.firebase.database.DatabaseRegistrar"
73-->[com.google.firebase:firebase-database:19.1.0] AndroidManifest.xml:33:17-109
74                android:value="com.google.firebase.components.ComponentRegistrar" />
74-->[com.google.firebase:firebase-database:19.1.0] AndroidManifest.xml:34:17-82
75            <meta-data
75-->[com.google.android.gms:play-services-measurement-api:17.2.0] AndroidManifest.xml:30:13-32:85
76                android:name="com.google.firebase.components:com.google.firebase.analytics.connector.internal.AnalyticsConnectorRegistrar"
76-->[com.google.android.gms:play-services-measurement-api:17.2.0] AndroidManifest.xml:31:17-139
77                android:value="com.google.firebase.components.ComponentRegistrar" />
77-->[com.google.android.gms:play-services-measurement-api:17.2.0] AndroidManifest.xml:32:17-82
78            <meta-data
78-->[com.google.firebase:firebase-iid:19.0.0] AndroidManifest.xml:32:13-34:85
79                android:name="com.google.firebase.components:com.google.firebase.iid.Registrar"
79-->[com.google.firebase:firebase-iid:19.0.0] AndroidManifest.xml:33:17-96
80                android:value="com.google.firebase.components.ComponentRegistrar" />
80-->[com.google.firebase:firebase-iid:19.0.0] AndroidManifest.xml:34:17-82
81        </service>
82
83        <receiver
83-->[com.google.firebase:firebase-iid:19.0.0] AndroidManifest.xml:37:9-44:20
84            android:name="com.google.firebase.iid.FirebaseInstanceIdReceiver"
84-->[com.google.firebase:firebase-iid:19.0.0] AndroidManifest.xml:38:13-78
85            android:exported="true"
85-->[com.google.firebase:firebase-iid:19.0.0] AndroidManifest.xml:39:13-36
86            android:permission="com.google.android.c2dm.permission.SEND" >
86-->[com.google.firebase:firebase-iid:19.0.0] AndroidManifest.xml:40:13-73
87            <intent-filter>
87-->[com.google.firebase:firebase-iid:19.0.0] AndroidManifest.xml:41:13-43:29
88                <action android:name="com.google.android.c2dm.intent.RECEIVE" />
88-->[com.google.firebase:firebase-iid:19.0.0] AndroidManifest.xml:42:17-81
88-->[com.google.firebase:firebase-iid:19.0.0] AndroidManifest.xml:42:25-78
89            </intent-filter>
90        </receiver>
91
92        <activity
92-->[com.google.android.gms:play-services-base:17.1.0] AndroidManifest.xml:23:9-26:75
93            android:name="com.google.android.gms.common.api.GoogleApiActivity"
93-->[com.google.android.gms:play-services-base:17.1.0] AndroidManifest.xml:24:13-79
94            android:exported="false"
94-->[com.google.android.gms:play-services-base:17.1.0] AndroidManifest.xml:25:13-37
95            android:theme="@android:style/Theme.Translucent.NoTitleBar" />
95-->[com.google.android.gms:play-services-base:17.1.0] AndroidManifest.xml:26:13-72
96
97        <provider
97-->[com.google.firebase:firebase-common:19.1.0] AndroidManifest.xml:17:9-21:39
98            android:name="com.google.firebase.provider.FirebaseInitProvider"
98-->[com.google.firebase:firebase-common:19.1.0] AndroidManifest.xml:18:13-77
99            android:authorities="com.example.storyboard.firebaseinitprovider"
99-->[com.google.firebase:firebase-common:19.1.0] AndroidManifest.xml:19:13-72
100            android:exported="false"
100-->[com.google.firebase:firebase-common:19.1.0] AndroidManifest.xml:20:13-37
101            android:initOrder="100" />
101-->[com.google.firebase:firebase-common:19.1.0] AndroidManifest.xml:21:13-36
102
103        <receiver
103-->[com.google.android.gms:play-services-measurement:17.2.0] AndroidManifest.xml:29:9-33:20
104            android:name="com.google.android.gms.measurement.AppMeasurementReceiver"
104-->[com.google.android.gms:play-services-measurement:17.2.0] AndroidManifest.xml:30:13-85
105            android:enabled="true"
105-->[com.google.android.gms:play-services-measurement:17.2.0] AndroidManifest.xml:31:13-35
106            android:exported="false" >
106-->[com.google.android.gms:play-services-measurement:17.2.0] AndroidManifest.xml:32:13-37
107        </receiver>
108        <receiver
108-->[com.google.android.gms:play-services-measurement:17.2.0] AndroidManifest.xml:34:9-42:20
109            android:name="com.google.android.gms.measurement.AppMeasurementInstallReferrerReceiver"
109-->[com.google.android.gms:play-services-measurement:17.2.0] AndroidManifest.xml:35:13-100
110            android:enabled="true"
110-->[com.google.android.gms:play-services-measurement:17.2.0] AndroidManifest.xml:36:13-35
111            android:exported="true"
111-->[com.google.android.gms:play-services-measurement:17.2.0] AndroidManifest.xml:37:13-36
112            android:permission="android.permission.INSTALL_PACKAGES" >
112-->[com.google.android.gms:play-services-measurement:17.2.0] AndroidManifest.xml:38:13-69
113            <intent-filter>
113-->[com.google.android.gms:play-services-measurement:17.2.0] AndroidManifest.xml:39:13-41:29
114                <action android:name="com.android.vending.INSTALL_REFERRER" />
114-->[com.google.android.gms:play-services-measurement:17.2.0] AndroidManifest.xml:40:17-79
114-->[com.google.android.gms:play-services-measurement:17.2.0] AndroidManifest.xml:40:25-76
115            </intent-filter>
116        </receiver>
117
118        <service
118-->[com.google.android.gms:play-services-measurement:17.2.0] AndroidManifest.xml:44:9-47:40
119            android:name="com.google.android.gms.measurement.AppMeasurementService"
119-->[com.google.android.gms:play-services-measurement:17.2.0] AndroidManifest.xml:45:13-84
120            android:enabled="true"
120-->[com.google.android.gms:play-services-measurement:17.2.0] AndroidManifest.xml:46:13-35
121            android:exported="false" />
121-->[com.google.android.gms:play-services-measurement:17.2.0] AndroidManifest.xml:47:13-37
122        <service
122-->[com.google.android.gms:play-services-measurement:17.2.0] AndroidManifest.xml:48:9-52:72
123            android:name="com.google.android.gms.measurement.AppMeasurementJobService"
123-->[com.google.android.gms:play-services-measurement:17.2.0] AndroidManifest.xml:49:13-87
124            android:enabled="true"
124-->[com.google.android.gms:play-services-measurement:17.2.0] AndroidManifest.xml:50:13-35
125            android:exported="false"
125-->[com.google.android.gms:play-services-measurement:17.2.0] AndroidManifest.xml:51:13-37
126            android:permission="android.permission.BIND_JOB_SERVICE" />
126-->[com.google.android.gms:play-services-measurement:17.2.0] AndroidManifest.xml:52:13-69
127
128        <meta-data
128-->[com.google.android.gms:play-services-basement:17.0.0] AndroidManifest.xml:23:9-25:69
129            android:name="com.google.android.gms.version"
129-->[com.google.android.gms:play-services-basement:17.0.0] AndroidManifest.xml:24:13-58
130            android:value="@integer/google_play_services_version" />
130-->[com.google.android.gms:play-services-basement:17.0.0] AndroidManifest.xml:25:13-66
131    </application>
132
133</manifest>